<?xml version="1.0" encoding="UTF-8" ?>
<testsuite tests="15" failures="7" name="net.onrc.openvirtex.api.service.handlers.tenant.PassingAPITest" time="0.309" errors="6" skipped="0">
  <properties>
    <property name="java.runtime.name" value="Java(TM) SE Runtime Environment"/>
    <property name="sun.boot.library.path" value="/usr/local/jdk1.8.0_77/jre/lib/amd64"/>
    <property name="java.vm.version" value="25.77-b03"/>
    <property name="awt.useSystemAAFontSettings" value="gasp"/>
    <property name="java.vm.vendor" value="Oracle Corporation"/>
    <property name="maven.multiModuleProjectDirectory" value="/home/chengguozhen/develop/git_code/java/CoVisor"/>
    <property name="java.vendor.url" value="http://java.oracle.com/"/>
    <property name="path.separator" value=":"/>
    <property name="guice.disable.misplaced.annotation.check" value="true"/>
    <property name="java.vm.name" value="Java HotSpot(TM) 64-Bit Server VM"/>
    <property name="file.encoding.pkg" value="sun.io"/>
    <property name="user.country" value="CN"/>
    <property name="sun.java.launcher" value="SUN_STANDARD"/>
    <property name="sun.os.patch.level" value="unknown"/>
    <property name="java.vm.specification.name" value="Java Virtual Machine Specification"/>
    <property name="user.dir" value="/home/chengguozhen/develop/git_code/java/CoVisor"/>
    <property name="java.runtime.version" value="1.8.0_77-b03"/>
    <property name="java.awt.graphicsenv" value="sun.awt.X11GraphicsEnvironment"/>
    <property name="java.endorsed.dirs" value="/usr/local/jdk1.8.0_77/jre/lib/endorsed"/>
    <property name="os.arch" value="amd64"/>
    <property name="java.io.tmpdir" value="/tmp"/>
    <property name="line.separator" value="
"/>
    <property name="java.vm.specification.vendor" value="Oracle Corporation"/>
    <property name="os.name" value="Linux"/>
    <property name="classworlds.conf" value="/home/chengguozhen/develop/workspacej/.metadata/.plugins/org.eclipse.m2e.launching/launches/m2conf2864965103030047038.tmp"/>
    <property name="sun.jnu.encoding" value="UTF-8"/>
    <property name="java.library.path" value="/usr/java/packages/lib/amd64:/usr/lib64:/lib64:/lib:/usr/lib"/>
    <property name="java.specification.name" value="Java Platform API Specification"/>
    <property name="java.class.version" value="52.0"/>
    <property name="sun.management.compiler" value="HotSpot 64-Bit Tiered Compilers"/>
    <property name="os.version" value="4.2.0-1-amd64"/>
    <property name="user.home" value="/home/chengguozhen"/>
    <property name="user.timezone" value="Etc/UTC"/>
    <property name="java.awt.printerjob" value="sun.print.PSPrinterJob"/>
    <property name="java.specification.version" value="1.8"/>
    <property name="file.encoding" value="UTF-8"/>
    <property name="user.name" value="chengguozhen"/>
    <property name="java.class.path" value="/home/chengguozhen/develop/software/eclipse/plugins/org.eclipse.m2e.maven.runtime_1.6.2.20150902-0001/jars/plexus-classworlds-2.5.2.jar"/>
    <property name="java.vm.specification.version" value="1.8"/>
    <property name="sun.arch.data.model" value="64"/>
    <property name="java.home" value="/usr/local/jdk1.8.0_77/jre"/>
    <property name="sun.java.command" value="org.codehaus.plexus.classworlds.launcher.Launcher -B install"/>
    <property name="java.specification.vendor" value="Oracle Corporation"/>
    <property name="user.language" value="zh"/>
    <property name="awt.toolkit" value="sun.awt.X11.XToolkit"/>
    <property name="java.vm.info" value="mixed mode"/>
    <property name="java.version" value="1.8.0_77"/>
    <property name="java.ext.dirs" value="/usr/local/jdk1.8.0_77/jre/lib/ext:/usr/java/packages/lib/ext"/>
    <property name="securerandom.source" value="file:/dev/./urandom"/>
    <property name="sun.boot.class.path" value="/usr/local/jdk1.8.0_77/jre/lib/resources.jar:/usr/local/jdk1.8.0_77/jre/lib/rt.jar:/usr/local/jdk1.8.0_77/jre/lib/sunrsasign.jar:/usr/local/jdk1.8.0_77/jre/lib/jsse.jar:/usr/local/jdk1.8.0_77/jre/lib/jce.jar:/usr/local/jdk1.8.0_77/jre/lib/charsets.jar:/usr/local/jdk1.8.0_77/jre/lib/jfr.jar:/usr/local/jdk1.8.0_77/jre/classes"/>
    <property name="java.vendor" value="Oracle Corporation"/>
    <property name="maven.home" value="/home/chengguozhen/develop/git_code/java/CoVisor/EMBEDDED"/>
    <property name="file.separator" value="/"/>
    <property name="java.vendor.url.bug" value="http://bugreport.sun.com/bugreport/"/>
    <property name="sun.cpu.endian" value="little"/>
    <property name="sun.io.unicode.encoding" value="UnicodeLittle"/>
    <property name="sun.cpu.isalist" value=""/>
  </properties>
  <testcase classname="net.onrc.openvirtex.api.service.handlers.tenant.PassingAPITest" name="testRemoveNetPass" time="0.247">
    <error message="Index: 0, Size: 0" type="java.lang.IndexOutOfBoundsException">java.lang.IndexOutOfBoundsException: Index: 0, Size: 0
	at java.util.LinkedList.checkElementIndex(LinkedList.java:555)
	at java.util.LinkedList.get(LinkedList.java:476)
	at net.onrc.openvirtex.elements.network.OVXNetwork.setLinkPath(OVXNetwork.java:556)
	at net.onrc.openvirtex.api.service.handlers.tenant.SetOVXLinkPath.process(SetOVXLinkPath.java:75)
	at net.onrc.openvirtex.api.service.handlers.tenant.AbstractAPICalls.setLinkPath(AbstractAPICalls.java:159)
	at net.onrc.openvirtex.api.service.handlers.tenant.PassingAPITest.testRemoveNetPass(PassingAPITest.java:364)
</error>
    <system-out>09:47:37.435 [main] ERROR net.onrc.openvirtex.db.DBManager - Failed to insert document into database: null
</system-out>
  </testcase>
  <testcase classname="net.onrc.openvirtex.api.service.handlers.tenant.PassingAPITest" name="testRemoveSwitchPass" time="0">
    <error message="Index: 0, Size: 0" type="java.lang.IndexOutOfBoundsException">java.lang.IndexOutOfBoundsException: Index: 0, Size: 0
	at java.util.LinkedList.checkElementIndex(LinkedList.java:555)
	at java.util.LinkedList.get(LinkedList.java:476)
	at net.onrc.openvirtex.elements.network.OVXNetwork.setLinkPath(OVXNetwork.java:556)
	at net.onrc.openvirtex.api.service.handlers.tenant.SetOVXLinkPath.process(SetOVXLinkPath.java:75)
	at net.onrc.openvirtex.api.service.handlers.tenant.AbstractAPICalls.setLinkPath(AbstractAPICalls.java:159)
	at net.onrc.openvirtex.api.service.handlers.tenant.PassingAPITest.testRemoveSwitchPass(PassingAPITest.java:416)
</error>
    <system-out>09:47:37.504 [main] ERROR net.onrc.openvirtex.db.DBManager - Failed to insert document into database: null
</system-out>
  </testcase>
  <testcase classname="net.onrc.openvirtex.api.service.handlers.tenant.PassingAPITest" name="testRemovePortPass" time="0.003">
    <error message="Index: 0, Size: 0" type="java.lang.IndexOutOfBoundsException">java.lang.IndexOutOfBoundsException: Index: 0, Size: 0
	at java.util.LinkedList.checkElementIndex(LinkedList.java:555)
	at java.util.LinkedList.get(LinkedList.java:476)
	at net.onrc.openvirtex.elements.network.OVXNetwork.setLinkPath(OVXNetwork.java:556)
	at net.onrc.openvirtex.api.service.handlers.tenant.SetOVXLinkPath.process(SetOVXLinkPath.java:75)
	at net.onrc.openvirtex.api.service.handlers.tenant.AbstractAPICalls.setLinkPath(AbstractAPICalls.java:159)
	at net.onrc.openvirtex.api.service.handlers.tenant.PassingAPITest.testRemovePortPass(PassingAPITest.java:468)
</error>
    <system-out>09:47:37.510 [main] ERROR net.onrc.openvirtex.db.DBManager - Failed to insert document into database: null
</system-out>
  </testcase>
  <testcase classname="net.onrc.openvirtex.api.service.handlers.tenant.PassingAPITest" name="testDisconnectLinkPass" time="0.018">
    <error message="Index: 0, Size: 0" type="java.lang.IndexOutOfBoundsException">java.lang.IndexOutOfBoundsException: Index: 0, Size: 0
	at java.util.LinkedList.checkElementIndex(LinkedList.java:555)
	at java.util.LinkedList.get(LinkedList.java:476)
	at net.onrc.openvirtex.elements.network.OVXNetwork.setLinkPath(OVXNetwork.java:556)
	at net.onrc.openvirtex.api.service.handlers.tenant.SetOVXLinkPath.process(SetOVXLinkPath.java:75)
	at net.onrc.openvirtex.api.service.handlers.tenant.AbstractAPICalls.setLinkPath(AbstractAPICalls.java:159)
	at net.onrc.openvirtex.api.service.handlers.tenant.PassingAPITest.testDisconnectLinkPass(PassingAPITest.java:521)
</error>
    <system-out>09:47:37.520 [main] ERROR net.onrc.openvirtex.db.DBManager - Failed to insert document into database: null
</system-out>
  </testcase>
  <testcase classname="net.onrc.openvirtex.api.service.handlers.tenant.PassingAPITest" name="testDisconnectHostPass" time="0.004">
    <error message="Index: 0, Size: 0" type="java.lang.IndexOutOfBoundsException">java.lang.IndexOutOfBoundsException: Index: 0, Size: 0
	at java.util.LinkedList.checkElementIndex(LinkedList.java:555)
	at java.util.LinkedList.get(LinkedList.java:476)
	at net.onrc.openvirtex.elements.network.OVXNetwork.setLinkPath(OVXNetwork.java:556)
	at net.onrc.openvirtex.api.service.handlers.tenant.SetOVXLinkPath.process(SetOVXLinkPath.java:75)
	at net.onrc.openvirtex.api.service.handlers.tenant.AbstractAPICalls.setLinkPath(AbstractAPICalls.java:159)
	at net.onrc.openvirtex.api.service.handlers.tenant.PassingAPITest.testDisconnectHostPass(PassingAPITest.java:574)
</error>
    <system-out>09:47:37.532 [main] ERROR net.onrc.openvirtex.db.DBManager - Failed to insert document into database: null
</system-out>
  </testcase>
  <testcase classname="net.onrc.openvirtex.api.service.handlers.tenant.PassingAPITest" name="testDisconnectRoutePass" time="0.015">
    <failure message="Remove switch route should not return null" type="junit.framework.AssertionFailedError">junit.framework.AssertionFailedError: Remove switch route should not return null
	at junit.framework.Assert.fail(Assert.java:47)
	at junit.framework.Assert.assertTrue(Assert.java:20)
	at junit.framework.Assert.assertNull(Assert.java:233)
	at net.onrc.openvirtex.api.service.handlers.tenant.PassingAPITest.testDisconnectRoutePass(PassingAPITest.java:634)
</failure>
    <system-out>09:47:37.539 [main] ERROR net.onrc.openvirtex.db.DBManager - Failed to insert document into database: null
</system-out>
  </testcase>
  <testcase classname="net.onrc.openvirtex.api.service.handlers.tenant.PassingAPITest" name="testCreateSingleSwitch" time="0.005">
    <failure message="CreateOVXSwitch should not return null" type="junit.framework.AssertionFailedError">junit.framework.AssertionFailedError: CreateOVXSwitch should not return null
	at junit.framework.Assert.fail(Assert.java:47)
	at junit.framework.Assert.assertTrue(Assert.java:20)
	at junit.framework.Assert.assertNull(Assert.java:233)
	at net.onrc.openvirtex.api.service.handlers.tenant.PassingAPITest.testCreateSingleSwitch(PassingAPITest.java:84)
</failure>
    <system-out>09:47:37.551 [main] ERROR net.onrc.openvirtex.db.DBManager - Failed to insert document into database: null
</system-out>
  </testcase>
  <testcase classname="net.onrc.openvirtex.api.service.handlers.tenant.PassingAPITest" name="testCreateBigSwitch" time="0.004">
    <failure message="CreateOVXSwitch should not return null" type="junit.framework.AssertionFailedError">junit.framework.AssertionFailedError: CreateOVXSwitch should not return null
	at junit.framework.Assert.fail(Assert.java:47)
	at junit.framework.Assert.assertTrue(Assert.java:20)
	at junit.framework.Assert.assertNull(Assert.java:233)
	at net.onrc.openvirtex.api.service.handlers.tenant.PassingAPITest.testCreateBigSwitch(PassingAPITest.java:117)
</failure>
    <system-out>09:47:37.556 [main] ERROR net.onrc.openvirtex.db.DBManager - Failed to insert document into database: null
</system-out>
  </testcase>
  <testcase classname="net.onrc.openvirtex.api.service.handlers.tenant.PassingAPITest" name="testCreateNetPass" time="0"/>
  <testcase classname="net.onrc.openvirtex.api.service.handlers.tenant.PassingAPITest" name="testCreatePort" time="0.002">
    <failure message="CreateOVXPort should not return null" type="junit.framework.AssertionFailedError">junit.framework.AssertionFailedError: CreateOVXPort should not return null
	at junit.framework.Assert.fail(Assert.java:47)
	at junit.framework.Assert.assertTrue(Assert.java:20)
	at junit.framework.Assert.assertNull(Assert.java:233)
	at net.onrc.openvirtex.api.service.handlers.tenant.PassingAPITest.testCreatePort(PassingAPITest.java:147)
</failure>
    <system-out>09:47:37.560 [main] ERROR net.onrc.openvirtex.db.DBManager - Failed to insert document into database: null
</system-out>
  </testcase>
  <testcase classname="net.onrc.openvirtex.api.service.handlers.tenant.PassingAPITest" name="testConnectHost" time="0.002">
    <failure message="ConnectHost: Invalid port : The ovx port specified is invalid: tenantId, dpid, port - 1, 46200400562356225, 1" type="junit.framework.AssertionFailedError">junit.framework.AssertionFailedError: ConnectHost: Invalid port : The ovx port specified is invalid: tenantId, dpid, port - 1, 46200400562356225, 1
	at junit.framework.Assert.fail(Assert.java:47)
	at junit.framework.Assert.assertTrue(Assert.java:20)
	at junit.framework.Assert.assertNull(Assert.java:233)
	at net.onrc.openvirtex.api.service.handlers.tenant.PassingAPITest.testConnectHost(PassingAPITest.java:177)
</failure>
    <system-out>09:47:37.563 [main] ERROR net.onrc.openvirtex.db.DBManager - Failed to insert document into database: null
</system-out>
  </testcase>
  <testcase classname="net.onrc.openvirtex.api.service.handlers.tenant.PassingAPITest" name="testConnectLink" time="0.002">
    <failure message="ConnectOVXLink: Invalid virtual switch id : The switch id you have provided does not belong to this virtual network: 1" type="junit.framework.AssertionFailedError">junit.framework.AssertionFailedError: ConnectOVXLink: Invalid virtual switch id : The switch id you have provided does not belong to this virtual network: 1
	at junit.framework.Assert.fail(Assert.java:47)
	at junit.framework.Assert.assertTrue(Assert.java:20)
	at junit.framework.Assert.assertNull(Assert.java:233)
	at net.onrc.openvirtex.api.service.handlers.tenant.PassingAPITest.testConnectLink(PassingAPITest.java:228)
</failure>
    <system-out>09:47:37.565 [main] ERROR net.onrc.openvirtex.db.DBManager - Failed to insert document into database: null
</system-out>
  </testcase>
  <testcase classname="net.onrc.openvirtex.api.service.handlers.tenant.PassingAPITest" name="testConnectRoutePass" time="0.002">
    <failure message="ConnectOVXRoute should not return null" type="junit.framework.AssertionFailedError">junit.framework.AssertionFailedError: ConnectOVXRoute should not return null
	at junit.framework.Assert.fail(Assert.java:47)
	at junit.framework.Assert.assertTrue(Assert.java:20)
	at junit.framework.Assert.assertNull(Assert.java:233)
	at net.onrc.openvirtex.api.service.handlers.tenant.PassingAPITest.testConnectRoutePass(PassingAPITest.java:307)
</failure>
    <system-out>09:47:37.568 [main] ERROR net.onrc.openvirtex.db.DBManager - Failed to insert document into database: null
</system-out>
  </testcase>
  <testcase classname="net.onrc.openvirtex.api.service.handlers.tenant.PassingAPITest" name="testStopNetPass" time="0.005">
    <error message="Index: 0, Size: 0" type="java.lang.IndexOutOfBoundsException">java.lang.IndexOutOfBoundsException: Index: 0, Size: 0
	at java.util.LinkedList.checkElementIndex(LinkedList.java:555)
	at java.util.LinkedList.get(LinkedList.java:476)
	at net.onrc.openvirtex.elements.network.OVXNetwork.setLinkPath(OVXNetwork.java:556)
	at net.onrc.openvirtex.api.service.handlers.tenant.SetOVXLinkPath.process(SetOVXLinkPath.java:75)
	at net.onrc.openvirtex.api.service.handlers.tenant.AbstractAPICalls.setLinkPath(AbstractAPICalls.java:159)
	at net.onrc.openvirtex.api.service.handlers.tenant.PassingAPITest.testStopNetPass(PassingAPITest.java:687)
</error>
    <system-out>09:47:37.574 [main] ERROR net.onrc.openvirtex.db.DBManager - Failed to insert document into database: null
</system-out>
  </testcase>
  <testcase classname="net.onrc.openvirtex.api.service.handlers.tenant.PassingAPITest" name="testPassing" time="0"/>
</testsuite>